2025-07-20 13:40:12,761:WARNING:
'cuml' is a soft dependency and not included in the pycaret installation. Please run: `pip install cuml` to install.
2025-07-20 13:40:12,761:WARNING:
'cuml' is a soft dependency and not included in the pycaret installation. Please run: `pip install cuml` to install.
2025-07-20 13:40:12,761:WARNING:
'cuml' is a soft dependency and not included in the pycaret installation. Please run: `pip install cuml` to install.
2025-07-20 13:40:12,761:WARNING:
'cuml' is a soft dependency and not included in the pycaret installation. Please run: `pip install cuml` to install.
2025-07-20 13:40:59,047:WARNING:C:\Users\CHANDAN\AppData\Local\Temp\ipykernel_17864\1817312141.py:816: DeprecationWarning: pkg_resources is deprecated as an API. See https://setuptools.pypa.io/en/latest/pkg_resources.html
  import pkg_resources

2025-07-20 13:44:35,421:WARNING:
'cuml' is a soft dependency and not included in the pycaret installation. Please run: `pip install cuml` to install.
2025-07-20 13:44:35,421:WARNING:
'cuml' is a soft dependency and not included in the pycaret installation. Please run: `pip install cuml` to install.
2025-07-20 13:44:35,421:WARNING:
'cuml' is a soft dependency and not included in the pycaret installation. Please run: `pip install cuml` to install.
2025-07-20 13:44:35,421:WARNING:
'cuml' is a soft dependency and not included in the pycaret installation. Please run: `pip install cuml` to install.
2025-07-20 13:44:42,350:INFO:PyCaret ClassificationExperiment
2025-07-20 13:44:42,350:INFO:Logging name: predictive_maintenance
2025-07-20 13:44:42,352:INFO:ML Usecase: MLUsecase.CLASSIFICATION
2025-07-20 13:44:42,352:INFO:version 3.3.2
2025-07-20 13:44:42,352:INFO:Initializing setup()
2025-07-20 13:44:42,352:INFO:self.USI: cc9d
2025-07-20 13:44:42,352:INFO:self._variable_keys: {'fold_shuffle_param', 'gpu_n_jobs_param', 'exp_name_log', 'is_multiclass', 'y_test', 'X', 'data', 'seed', 'exp_id', 'X_test', 'logging_param', 'y', 'gpu_param', 'fold_generator', '_ml_usecase', 'target_param', 'fix_imbalance', 'USI', 'n_jobs_param', 'pipeline', 'log_plots_param', 'X_train', 'idx', 'fold_groups_param', 'memory', 'html_param', '_available_plots', 'y_train'}
2025-07-20 13:44:42,352:INFO:Checking environment
2025-07-20 13:44:42,352:INFO:python_version: 3.10.18
2025-07-20 13:44:42,352:INFO:python_build: ('main', 'Jun  5 2025 13:08:55')
2025-07-20 13:44:42,352:INFO:machine: AMD64
2025-07-20 13:44:42,352:INFO:platform: Windows-10-10.0.26100-SP0
2025-07-20 13:44:42,352:INFO:Memory: svmem(total=16849256448, available=3154018304, percent=81.3, used=13695238144, free=3154018304)
2025-07-20 13:44:42,352:INFO:Physical Core: 10
2025-07-20 13:44:42,352:INFO:Logical Core: 12
2025-07-20 13:44:42,352:INFO:Checking libraries
2025-07-20 13:44:42,352:INFO:System:
2025-07-20 13:44:42,352:INFO:    python: 3.10.18 | packaged by Anaconda, Inc. | (main, Jun  5 2025, 13:08:55) [MSC v.1929 64 bit (AMD64)]
2025-07-20 13:44:42,352:INFO:executable: c:\Users\CHANDAN\.conda\envs\pycaret\python.exe
2025-07-20 13:44:42,352:INFO:   machine: Windows-10-10.0.26100-SP0
2025-07-20 13:44:42,352:INFO:PyCaret required dependencies:
2025-07-20 13:44:42,859:INFO:                 pip: 25.1
2025-07-20 13:44:42,859:INFO:          setuptools: 78.1.1
2025-07-20 13:44:42,859:INFO:             pycaret: 3.3.2
2025-07-20 13:44:42,859:INFO:             IPython: 8.30.0
2025-07-20 13:44:42,859:INFO:          ipywidgets: 8.1.7
2025-07-20 13:44:42,859:INFO:                tqdm: 4.67.1
2025-07-20 13:44:42,859:INFO:               numpy: 1.26.4
2025-07-20 13:44:42,859:INFO:              pandas: 2.1.4
2025-07-20 13:44:42,859:INFO:              jinja2: 3.1.6
2025-07-20 13:44:42,859:INFO:               scipy: 1.11.4
2025-07-20 13:44:42,859:INFO:              joblib: 1.3.2
2025-07-20 13:44:42,859:INFO:             sklearn: 1.4.2
2025-07-20 13:44:42,859:INFO:                pyod: 2.0.5
2025-07-20 13:44:42,859:INFO:            imblearn: 0.13.0
2025-07-20 13:44:42,859:INFO:   category_encoders: 2.7.0
2025-07-20 13:44:42,859:INFO:            lightgbm: 4.6.0
2025-07-20 13:44:42,859:INFO:               numba: 0.61.2
2025-07-20 13:44:42,859:INFO:            requests: 2.32.4
2025-07-20 13:44:42,859:INFO:          matplotlib: 3.7.5
2025-07-20 13:44:42,859:INFO:          scikitplot: 0.3.7
2025-07-20 13:44:42,859:INFO:         yellowbrick: 1.5
2025-07-20 13:44:42,859:INFO:              plotly: 5.24.1
2025-07-20 13:44:42,859:INFO:    plotly-resampler: Not installed
2025-07-20 13:44:42,859:INFO:             kaleido: 1.0.0
2025-07-20 13:44:42,859:INFO:           schemdraw: 0.15
2025-07-20 13:44:42,859:INFO:         statsmodels: 0.14.5
2025-07-20 13:44:42,859:INFO:              sktime: 0.26.0
2025-07-20 13:44:42,859:INFO:               tbats: 1.1.3
2025-07-20 13:44:42,859:INFO:            pmdarima: 2.0.4
2025-07-20 13:44:42,859:INFO:              psutil: 5.9.0
2025-07-20 13:44:42,859:INFO:          markupsafe: 3.0.2
2025-07-20 13:44:42,859:INFO:             pickle5: Not installed
2025-07-20 13:44:42,859:INFO:         cloudpickle: 3.1.1
2025-07-20 13:44:42,859:INFO:         deprecation: 2.1.0
2025-07-20 13:44:42,859:INFO:              xxhash: 3.5.0
2025-07-20 13:44:42,859:INFO:           wurlitzer: Not installed
2025-07-20 13:44:42,859:INFO:PyCaret optional dependencies:
2025-07-20 13:44:43,733:INFO:                shap: Not installed
2025-07-20 13:44:43,733:INFO:           interpret: Not installed
2025-07-20 13:44:43,733:INFO:                umap: Not installed
2025-07-20 13:44:43,733:INFO:     ydata_profiling: Not installed
2025-07-20 13:44:43,733:INFO:  explainerdashboard: Not installed
2025-07-20 13:44:43,733:INFO:             autoviz: Not installed
2025-07-20 13:44:43,733:INFO:           fairlearn: Not installed
2025-07-20 13:44:43,735:INFO:          deepchecks: Not installed
2025-07-20 13:44:43,735:INFO:             xgboost: Not installed
2025-07-20 13:44:43,735:INFO:            catboost: Not installed
2025-07-20 13:44:43,735:INFO:              kmodes: Not installed
2025-07-20 13:44:43,735:INFO:             mlxtend: Not installed
2025-07-20 13:44:43,735:INFO:       statsforecast: Not installed
2025-07-20 13:44:43,735:INFO:        tune_sklearn: Not installed
2025-07-20 13:44:43,735:INFO:                 ray: Not installed
2025-07-20 13:44:43,735:INFO:            hyperopt: Not installed
2025-07-20 13:44:43,735:INFO:              optuna: Not installed
2025-07-20 13:44:43,735:INFO:               skopt: Not installed
2025-07-20 13:44:43,735:INFO:              mlflow: 3.1.1
2025-07-20 13:44:43,735:INFO:              gradio: Not installed
2025-07-20 13:44:43,735:INFO:             fastapi: 0.116.1
2025-07-20 13:44:43,735:INFO:             uvicorn: 0.35.0
2025-07-20 13:44:43,735:INFO:              m2cgen: Not installed
2025-07-20 13:44:43,735:INFO:           evidently: Not installed
2025-07-20 13:44:43,735:INFO:               fugue: Not installed
2025-07-20 13:44:43,735:INFO:           streamlit: Not installed
2025-07-20 13:44:43,735:INFO:             prophet: Not installed
2025-07-20 13:44:43,735:INFO:None
2025-07-20 13:44:43,735:INFO:Set up data.
2025-07-20 13:44:43,763:INFO:Set up folding strategy.
2025-07-20 13:44:43,765:INFO:Set up train/test split.
2025-07-20 13:44:44,759:INFO:Set up index.
2025-07-20 13:44:44,759:INFO:Assigning column types.
2025-07-20 13:44:44,764:INFO:Engine successfully changes for model 'lr' to 'sklearn'.
2025-07-20 13:44:44,833:INFO:Engine for model 'knn' has not been set explicitly, hence returning None.
2025-07-20 13:44:44,833:INFO:Engine for model 'rbfsvm' has not been set explicitly, hence returning None.
2025-07-20 13:44:44,874:WARNING:
'xgboost' is a soft dependency and not included in the pycaret installation. Please run: `pip install xgboost` to install.
Alternately, you can install this by running `pip install pycaret[models]`
2025-07-20 13:44:44,874:WARNING:
'catboost' is a soft dependency and not included in the pycaret installation. Please run: `pip install catboost` to install.
Alternately, you can install this by running `pip install pycaret[models]`
2025-07-20 13:44:44,931:INFO:Engine for model 'knn' has not been set explicitly, hence returning None.
2025-07-20 13:44:44,931:INFO:Engine for model 'rbfsvm' has not been set explicitly, hence returning None.
2025-07-20 13:44:44,962:WARNING:
'xgboost' is a soft dependency and not included in the pycaret installation. Please run: `pip install xgboost` to install.
Alternately, you can install this by running `pip install pycaret[models]`
2025-07-20 13:44:44,962:WARNING:
'catboost' is a soft dependency and not included in the pycaret installation. Please run: `pip install catboost` to install.
Alternately, you can install this by running `pip install pycaret[models]`
2025-07-20 13:44:44,962:INFO:Engine successfully changes for model 'knn' to 'sklearn'.
2025-07-20 13:44:45,010:INFO:Engine for model 'rbfsvm' has not been set explicitly, hence returning None.
2025-07-20 13:44:45,048:WARNING:
'xgboost' is a soft dependency and not included in the pycaret installation. Please run: `pip install xgboost` to install.
Alternately, you can install this by running `pip install pycaret[models]`
2025-07-20 13:44:45,057:WARNING:
'catboost' is a soft dependency and not included in the pycaret installation. Please run: `pip install catboost` to install.
Alternately, you can install this by running `pip install pycaret[models]`
2025-07-20 13:44:45,105:INFO:Engine for model 'rbfsvm' has not been set explicitly, hence returning None.
2025-07-20 13:44:45,143:WARNING:
'xgboost' is a soft dependency and not included in the pycaret installation. Please run: `pip install xgboost` to install.
Alternately, you can install this by running `pip install pycaret[models]`
2025-07-20 13:44:45,143:WARNING:
'catboost' is a soft dependency and not included in the pycaret installation. Please run: `pip install catboost` to install.
Alternately, you can install this by running `pip install pycaret[models]`
2025-07-20 13:44:45,146:INFO:Engine successfully changes for model 'rbfsvm' to 'sklearn'.
2025-07-20 13:44:45,225:WARNING:
'xgboost' is a soft dependency and not included in the pycaret installation. Please run: `pip install xgboost` to install.
Alternately, you can install this by running `pip install pycaret[models]`
2025-07-20 13:44:45,225:WARNING:
'catboost' is a soft dependency and not included in the pycaret installation. Please run: `pip install catboost` to install.
Alternately, you can install this by running `pip install pycaret[models]`
2025-07-20 13:44:45,316:WARNING:
'xgboost' is a soft dependency and not included in the pycaret installation. Please run: `pip install xgboost` to install.
Alternately, you can install this by running `pip install pycaret[models]`
2025-07-20 13:44:45,316:WARNING:
'catboost' is a soft dependency and not included in the pycaret installation. Please run: `pip install catboost` to install.
Alternately, you can install this by running `pip install pycaret[models]`
2025-07-20 13:44:45,321:INFO:Preparing preprocessing pipeline...
2025-07-20 13:44:45,321:INFO:Set up label encoding.
2025-07-20 13:44:45,321:INFO:Set up simple imputation.
2025-07-20 13:44:45,321:INFO:Set up encoding of categorical features.
2025-07-20 13:44:45,321:INFO:Set up removing multicollinearity.
2025-07-20 13:44:45,321:INFO:Set up feature normalization.
2025-07-20 13:44:45,321:INFO:Set up column name cleaning.
2025-07-20 13:44:51,735:WARNING:C:\Users\CHANDAN\AppData\Local\Temp\ipykernel_8548\1817312141.py:816: DeprecationWarning: pkg_resources is deprecated as an API. See https://setuptools.pypa.io/en/latest/pkg_resources.html
  import pkg_resources

2025-07-20 13:56:40,397:WARNING:
'cuml' is a soft dependency and not included in the pycaret installation. Please run: `pip install cuml` to install.
2025-07-20 13:56:40,397:WARNING:
'cuml' is a soft dependency and not included in the pycaret installation. Please run: `pip install cuml` to install.
2025-07-20 13:56:40,397:WARNING:
'cuml' is a soft dependency and not included in the pycaret installation. Please run: `pip install cuml` to install.
2025-07-20 13:56:40,397:WARNING:
'cuml' is a soft dependency and not included in the pycaret installation. Please run: `pip install cuml` to install.
2025-07-20 13:56:45,462:INFO:PyCaret ClassificationExperiment
2025-07-20 13:56:45,462:INFO:Logging name: predictive_maintenance
2025-07-20 13:56:45,462:INFO:ML Usecase: MLUsecase.CLASSIFICATION
2025-07-20 13:56:45,462:INFO:version 3.3.2
2025-07-20 13:56:45,462:INFO:Initializing setup()
2025-07-20 13:56:45,462:INFO:self.USI: 6452
2025-07-20 13:56:45,462:INFO:self._variable_keys: {'_ml_usecase', 'data', 'seed', 'y', 'X', 'y_test', 'y_train', 'fold_groups_param', 'fold_shuffle_param', 'gpu_n_jobs_param', 'html_param', 'log_plots_param', 'target_param', 'pipeline', 'logging_param', 'fold_generator', '_available_plots', 'gpu_param', 'fix_imbalance', 'n_jobs_param', 'X_test', 'exp_id', 'USI', 'memory', 'exp_name_log', 'is_multiclass', 'X_train', 'idx'}
2025-07-20 13:56:45,462:INFO:Checking environment
2025-07-20 13:56:45,462:INFO:python_version: 3.10.18
2025-07-20 13:56:45,462:INFO:python_build: ('main', 'Jun  5 2025 13:08:55')
2025-07-20 13:56:45,462:INFO:machine: AMD64
2025-07-20 13:56:45,462:INFO:platform: Windows-10-10.0.26100-SP0
2025-07-20 13:56:45,462:INFO:Memory: svmem(total=16849256448, available=2903179264, percent=82.8, used=13946077184, free=2903179264)
2025-07-20 13:56:45,462:INFO:Physical Core: 10
2025-07-20 13:56:45,470:INFO:Logical Core: 12
2025-07-20 13:56:45,470:INFO:Checking libraries
2025-07-20 13:56:45,470:INFO:System:
2025-07-20 13:56:45,470:INFO:    python: 3.10.18 | packaged by Anaconda, Inc. | (main, Jun  5 2025, 13:08:55) [MSC v.1929 64 bit (AMD64)]
2025-07-20 13:56:45,470:INFO:executable: c:\Users\CHANDAN\.conda\envs\pycaret\python.exe
2025-07-20 13:56:45,470:INFO:   machine: Windows-10-10.0.26100-SP0
2025-07-20 13:56:45,470:INFO:PyCaret required dependencies:
2025-07-20 13:56:45,563:INFO:                 pip: 25.1
2025-07-20 13:56:45,563:INFO:          setuptools: 78.1.1
2025-07-20 13:56:45,563:INFO:             pycaret: 3.3.2
2025-07-20 13:56:45,563:INFO:             IPython: 8.30.0
2025-07-20 13:56:45,563:INFO:          ipywidgets: 8.1.7
2025-07-20 13:56:45,563:INFO:                tqdm: 4.67.1
2025-07-20 13:56:45,563:INFO:               numpy: 1.26.4
2025-07-20 13:56:45,563:INFO:              pandas: 2.1.4
2025-07-20 13:56:45,563:INFO:              jinja2: 3.1.6
2025-07-20 13:56:45,563:INFO:               scipy: 1.11.4
2025-07-20 13:56:45,563:INFO:              joblib: 1.3.2
2025-07-20 13:56:45,563:INFO:             sklearn: 1.4.2
2025-07-20 13:56:45,563:INFO:                pyod: 2.0.5
2025-07-20 13:56:45,563:INFO:            imblearn: 0.13.0
2025-07-20 13:56:45,563:INFO:   category_encoders: 2.7.0
2025-07-20 13:56:45,563:INFO:            lightgbm: 4.6.0
2025-07-20 13:56:45,563:INFO:               numba: 0.61.2
2025-07-20 13:56:45,563:INFO:            requests: 2.32.4
2025-07-20 13:56:45,563:INFO:          matplotlib: 3.7.5
2025-07-20 13:56:45,566:INFO:          scikitplot: 0.3.7
2025-07-20 13:56:45,566:INFO:         yellowbrick: 1.5
2025-07-20 13:56:45,566:INFO:              plotly: 5.24.1
2025-07-20 13:56:45,566:INFO:    plotly-resampler: Not installed
2025-07-20 13:56:45,566:INFO:             kaleido: 1.0.0
2025-07-20 13:56:45,566:INFO:           schemdraw: 0.15
2025-07-20 13:56:45,566:INFO:         statsmodels: 0.14.5
2025-07-20 13:56:45,566:INFO:              sktime: 0.26.0
2025-07-20 13:56:45,566:INFO:               tbats: 1.1.3
2025-07-20 13:56:45,566:INFO:            pmdarima: 2.0.4
2025-07-20 13:56:45,566:INFO:              psutil: 5.9.0
2025-07-20 13:56:45,566:INFO:          markupsafe: 3.0.2
2025-07-20 13:56:45,566:INFO:             pickle5: Not installed
2025-07-20 13:56:45,566:INFO:         cloudpickle: 3.1.1
2025-07-20 13:56:45,566:INFO:         deprecation: 2.1.0
2025-07-20 13:56:45,566:INFO:              xxhash: 3.5.0
2025-07-20 13:56:45,567:INFO:           wurlitzer: Not installed
2025-07-20 13:56:45,567:INFO:PyCaret optional dependencies:
2025-07-20 13:56:45,894:INFO:                shap: Not installed
2025-07-20 13:56:45,894:INFO:           interpret: Not installed
2025-07-20 13:56:45,894:INFO:                umap: Not installed
2025-07-20 13:56:45,894:INFO:     ydata_profiling: Not installed
2025-07-20 13:56:45,894:INFO:  explainerdashboard: Not installed
2025-07-20 13:56:45,894:INFO:             autoviz: Not installed
2025-07-20 13:56:45,894:INFO:           fairlearn: Not installed
2025-07-20 13:56:45,894:INFO:          deepchecks: Not installed
2025-07-20 13:56:45,894:INFO:             xgboost: Not installed
2025-07-20 13:56:45,894:INFO:            catboost: Not installed
2025-07-20 13:56:45,894:INFO:              kmodes: Not installed
2025-07-20 13:56:45,894:INFO:             mlxtend: Not installed
2025-07-20 13:56:45,894:INFO:       statsforecast: Not installed
2025-07-20 13:56:45,894:INFO:        tune_sklearn: Not installed
2025-07-20 13:56:45,894:INFO:                 ray: Not installed
2025-07-20 13:56:45,894:INFO:            hyperopt: Not installed
2025-07-20 13:56:45,894:INFO:              optuna: Not installed
2025-07-20 13:56:45,894:INFO:               skopt: Not installed
2025-07-20 13:56:45,894:INFO:              mlflow: 3.1.1
2025-07-20 13:56:45,894:INFO:              gradio: Not installed
2025-07-20 13:56:45,894:INFO:             fastapi: 0.116.1
2025-07-20 13:56:45,894:INFO:             uvicorn: 0.35.0
2025-07-20 13:56:45,894:INFO:              m2cgen: Not installed
2025-07-20 13:56:45,894:INFO:           evidently: Not installed
2025-07-20 13:56:45,894:INFO:               fugue: Not installed
2025-07-20 13:56:45,894:INFO:           streamlit: Not installed
2025-07-20 13:56:45,894:INFO:             prophet: Not installed
2025-07-20 13:56:45,894:INFO:None
2025-07-20 13:56:45,894:INFO:Set up data.
2025-07-20 13:56:45,911:INFO:Set up folding strategy.
2025-07-20 13:56:45,911:INFO:Set up train/test split.
2025-07-20 13:56:45,931:INFO:Set up index.
2025-07-20 13:56:45,931:INFO:Assigning column types.
2025-07-20 13:56:45,939:INFO:Engine successfully changes for model 'lr' to 'sklearn'.
2025-07-20 13:56:45,993:INFO:Engine for model 'knn' has not been set explicitly, hence returning None.
2025-07-20 13:56:45,999:INFO:Engine for model 'rbfsvm' has not been set explicitly, hence returning None.
2025-07-20 13:56:46,034:WARNING:
'xgboost' is a soft dependency and not included in the pycaret installation. Please run: `pip install xgboost` to install.
Alternately, you can install this by running `pip install pycaret[models]`
2025-07-20 13:56:46,034:WARNING:
'catboost' is a soft dependency and not included in the pycaret installation. Please run: `pip install catboost` to install.
Alternately, you can install this by running `pip install pycaret[models]`
2025-07-20 13:56:46,094:INFO:Engine for model 'knn' has not been set explicitly, hence returning None.
2025-07-20 13:56:46,094:INFO:Engine for model 'rbfsvm' has not been set explicitly, hence returning None.
2025-07-20 13:56:46,127:WARNING:
'xgboost' is a soft dependency and not included in the pycaret installation. Please run: `pip install xgboost` to install.
Alternately, you can install this by running `pip install pycaret[models]`
2025-07-20 13:56:46,127:WARNING:
'catboost' is a soft dependency and not included in the pycaret installation. Please run: `pip install catboost` to install.
Alternately, you can install this by running `pip install pycaret[models]`
2025-07-20 13:56:46,127:INFO:Engine successfully changes for model 'knn' to 'sklearn'.
2025-07-20 13:56:46,177:INFO:Engine for model 'rbfsvm' has not been set explicitly, hence returning None.
2025-07-20 13:56:46,193:WARNING:
'xgboost' is a soft dependency and not included in the pycaret installation. Please run: `pip install xgboost` to install.
Alternately, you can install this by running `pip install pycaret[models]`
2025-07-20 13:56:46,193:WARNING:
'catboost' is a soft dependency and not included in the pycaret installation. Please run: `pip install catboost` to install.
Alternately, you can install this by running `pip install pycaret[models]`
2025-07-20 13:56:46,269:INFO:Engine for model 'rbfsvm' has not been set explicitly, hence returning None.
2025-07-20 13:56:46,294:WARNING:
'xgboost' is a soft dependency and not included in the pycaret installation. Please run: `pip install xgboost` to install.
Alternately, you can install this by running `pip install pycaret[models]`
2025-07-20 13:56:46,294:WARNING:
'catboost' is a soft dependency and not included in the pycaret installation. Please run: `pip install catboost` to install.
Alternately, you can install this by running `pip install pycaret[models]`
2025-07-20 13:56:46,294:INFO:Engine successfully changes for model 'rbfsvm' to 'sklearn'.
2025-07-20 13:56:46,377:WARNING:
'xgboost' is a soft dependency and not included in the pycaret installation. Please run: `pip install xgboost` to install.
Alternately, you can install this by running `pip install pycaret[models]`
2025-07-20 13:56:46,377:WARNING:
'catboost' is a soft dependency and not included in the pycaret installation. Please run: `pip install catboost` to install.
Alternately, you can install this by running `pip install pycaret[models]`
2025-07-20 13:56:46,460:WARNING:
'xgboost' is a soft dependency and not included in the pycaret installation. Please run: `pip install xgboost` to install.
Alternately, you can install this by running `pip install pycaret[models]`
2025-07-20 13:56:46,460:WARNING:
'catboost' is a soft dependency and not included in the pycaret installation. Please run: `pip install catboost` to install.
Alternately, you can install this by running `pip install pycaret[models]`
2025-07-20 13:56:46,460:INFO:Preparing preprocessing pipeline...
2025-07-20 13:56:46,465:INFO:Set up label encoding.
2025-07-20 13:56:46,465:INFO:Set up simple imputation.
2025-07-20 13:56:46,465:INFO:Set up encoding of categorical features.
2025-07-20 13:56:46,465:INFO:Set up removing multicollinearity.
2025-07-20 13:56:46,465:INFO:Set up feature normalization.
2025-07-20 13:56:46,465:INFO:Set up column name cleaning.
2025-07-20 13:56:46,594:INFO:Finished creating preprocessing pipeline.
2025-07-20 13:56:46,610:INFO:Pipeline: Pipeline(memory=FastMemory(location=C:\Users\CHANDAN\AppData\Local\Temp\joblib),
         steps=[('label_encoding',
                 TransformerWrapperWithInverse(exclude=None, include=None,
                                               transformer=LabelEncoder())),
                ('numerical_imputer',
                 TransformerWrapper(exclude=None,
                                    include=['Air temperature [K]',
                                             'Process temperature [K]',
                                             'Rotational speed [rpm]',
                                             'Torque [Nm]', 'Tool wear [min]',
                                             'T...
                 TransformerWrapper(exclude=[], include=None,
                                    transformer=RemoveMulticollinearity(threshold=0.95))),
                ('normalize',
                 TransformerWrapper(exclude=None, include=None,
                                    transformer=StandardScaler(copy=True,
                                                               with_mean=True,
                                                               with_std=True))),
                ('clean_column_names',
                 TransformerWrapper(exclude=None, include=None,
                                    transformer=CleanColumnNames(match='[\\]\\[\\,\\{\\}\\"\\:]+')))],
         verbose=False)
2025-07-20 13:56:46,610:INFO:Creating final display dataframe.
2025-07-20 13:56:46,943:INFO:Setup _display_container:                     Description  \
0                    Session id   
1                        Target   
2                   Target type   
3                Target mapping   
4           Original data shape   
5        Transformed data shape   
6   Transformed train set shape   
7    Transformed test set shape   
8              Numeric features   
9          Categorical features   
10                   Preprocess   
11              Imputation type   
12           Numeric imputation   
13       Categorical imputation   
14     Maximum one-hot encoding   
15              Encoding method   
16     Remove multicollinearity   
17  Multicollinearity threshold   
18                    Normalize   
19             Normalize method   
20               Fold Generator   
21                  Fold Number   
22                     CPU Jobs   
23                      Use GPU   
24               Log Experiment   
25              Experiment Name   
26                          USI   

                                                Value  
0                                                  42  
1                                        Failure Type  
2                                          Multiclass  
3   Heat Dissipation Failure: 0, No Failure: 1, Ov...  
4                                          (10000, 8)  
5                                         (10000, 10)  
6                                          (7000, 10)  
7                                          (3000, 10)  
8                                                   6  
9                                                   1  
10                                               True  
11                                             simple  
12                                               mean  
13                                               mode  
14                                                 25  
15                                               None  
16                                               True  
17                                               0.95  
18                                               True  
19                                             zscore  
20                                    StratifiedKFold  
21                                                 10  
22                                                 -1  
23                                              False  
24                                       MlflowLogger  
25                             predictive_maintenance  
26                                               6452  
2025-07-20 13:56:47,059:WARNING:
'xgboost' is a soft dependency and not included in the pycaret installation. Please run: `pip install xgboost` to install.
Alternately, you can install this by running `pip install pycaret[models]`
2025-07-20 13:56:47,059:WARNING:
'catboost' is a soft dependency and not included in the pycaret installation. Please run: `pip install catboost` to install.
Alternately, you can install this by running `pip install pycaret[models]`
2025-07-20 13:56:47,139:WARNING:
'xgboost' is a soft dependency and not included in the pycaret installation. Please run: `pip install xgboost` to install.
Alternately, you can install this by running `pip install pycaret[models]`
2025-07-20 13:56:47,142:WARNING:
'catboost' is a soft dependency and not included in the pycaret installation. Please run: `pip install catboost` to install.
Alternately, you can install this by running `pip install pycaret[models]`
2025-07-20 13:56:47,143:INFO:Logging experiment in loggers
2025-07-20 13:56:50,805:WARNING:C:\Users\CHANDAN\AppData\Local\Temp\ipykernel_10488\1817312141.py:816: DeprecationWarning: pkg_resources is deprecated as an API. See https://setuptools.pypa.io/en/latest/pkg_resources.html
  import pkg_resources

2025-07-20 14:00:02,009:WARNING:
'cuml' is a soft dependency and not included in the pycaret installation. Please run: `pip install cuml` to install.
2025-07-20 14:00:02,009:WARNING:
'cuml' is a soft dependency and not included in the pycaret installation. Please run: `pip install cuml` to install.
2025-07-20 14:00:02,009:WARNING:
'cuml' is a soft dependency and not included in the pycaret installation. Please run: `pip install cuml` to install.
2025-07-20 14:00:02,009:WARNING:
'cuml' is a soft dependency and not included in the pycaret installation. Please run: `pip install cuml` to install.
2025-07-20 14:00:07,304:INFO:PyCaret ClassificationExperiment
2025-07-20 14:00:07,304:INFO:Logging name: predictive_maintenance
2025-07-20 14:00:07,304:INFO:ML Usecase: MLUsecase.CLASSIFICATION
2025-07-20 14:00:07,315:INFO:version 3.3.2
2025-07-20 14:00:07,315:INFO:Initializing setup()
2025-07-20 14:00:07,315:INFO:self.USI: 3c36
2025-07-20 14:00:07,315:INFO:self._variable_keys: {'_ml_usecase', 'gpu_param', 'y_test', 'USI', 'log_plots_param', 'fold_generator', 'fold_groups_param', 'data', 'X', 'html_param', 'gpu_n_jobs_param', 'pipeline', 'exp_id', 'n_jobs_param', 'target_param', 'exp_name_log', 'y', 'X_train', 'logging_param', 'idx', 'seed', 'fold_shuffle_param', 'is_multiclass', 'y_train', 'fix_imbalance', '_available_plots', 'X_test', 'memory'}
2025-07-20 14:00:07,315:INFO:Checking environment
2025-07-20 14:00:07,315:INFO:python_version: 3.10.18
2025-07-20 14:00:07,315:INFO:python_build: ('main', 'Jun  5 2025 13:08:55')
2025-07-20 14:00:07,315:INFO:machine: AMD64
2025-07-20 14:00:07,315:INFO:platform: Windows-10-10.0.26100-SP0
2025-07-20 14:00:07,315:INFO:Memory: svmem(total=16849256448, available=3009531904, percent=82.1, used=13839724544, free=3009531904)
2025-07-20 14:00:07,315:INFO:Physical Core: 10
2025-07-20 14:00:07,315:INFO:Logical Core: 12
2025-07-20 14:00:07,315:INFO:Checking libraries
2025-07-20 14:00:07,315:INFO:System:
2025-07-20 14:00:07,315:INFO:    python: 3.10.18 | packaged by Anaconda, Inc. | (main, Jun  5 2025, 13:08:55) [MSC v.1929 64 bit (AMD64)]
2025-07-20 14:00:07,315:INFO:executable: c:\Users\CHANDAN\.conda\envs\pycaret\python.exe
2025-07-20 14:00:07,315:INFO:   machine: Windows-10-10.0.26100-SP0
2025-07-20 14:00:07,315:INFO:PyCaret required dependencies:
2025-07-20 14:00:07,373:INFO:                 pip: 25.1
2025-07-20 14:00:07,373:INFO:          setuptools: 78.1.1
2025-07-20 14:00:07,373:INFO:             pycaret: 3.3.2
2025-07-20 14:00:07,373:INFO:             IPython: 8.30.0
2025-07-20 14:00:07,373:INFO:          ipywidgets: 8.1.7
2025-07-20 14:00:07,373:INFO:                tqdm: 4.67.1
2025-07-20 14:00:07,373:INFO:               numpy: 1.26.4
2025-07-20 14:00:07,373:INFO:              pandas: 2.1.4
2025-07-20 14:00:07,373:INFO:              jinja2: 3.1.6
2025-07-20 14:00:07,373:INFO:               scipy: 1.11.4
2025-07-20 14:00:07,373:INFO:              joblib: 1.3.2
2025-07-20 14:00:07,373:INFO:             sklearn: 1.4.2
2025-07-20 14:00:07,373:INFO:                pyod: 2.0.5
2025-07-20 14:00:07,373:INFO:            imblearn: 0.13.0
2025-07-20 14:00:07,373:INFO:   category_encoders: 2.7.0
2025-07-20 14:00:07,373:INFO:            lightgbm: 4.6.0
2025-07-20 14:00:07,373:INFO:               numba: 0.61.2
2025-07-20 14:00:07,373:INFO:            requests: 2.32.4
2025-07-20 14:00:07,373:INFO:          matplotlib: 3.7.5
2025-07-20 14:00:07,373:INFO:          scikitplot: 0.3.7
2025-07-20 14:00:07,373:INFO:         yellowbrick: 1.5
2025-07-20 14:00:07,373:INFO:              plotly: 5.24.1
2025-07-20 14:00:07,373:INFO:    plotly-resampler: Not installed
2025-07-20 14:00:07,373:INFO:             kaleido: 1.0.0
2025-07-20 14:00:07,373:INFO:           schemdraw: 0.15
2025-07-20 14:00:07,373:INFO:         statsmodels: 0.14.5
2025-07-20 14:00:07,373:INFO:              sktime: 0.26.0
2025-07-20 14:00:07,373:INFO:               tbats: 1.1.3
2025-07-20 14:00:07,373:INFO:            pmdarima: 2.0.4
2025-07-20 14:00:07,373:INFO:              psutil: 5.9.0
2025-07-20 14:00:07,373:INFO:          markupsafe: 3.0.2
2025-07-20 14:00:07,373:INFO:             pickle5: Not installed
2025-07-20 14:00:07,373:INFO:         cloudpickle: 3.1.1
2025-07-20 14:00:07,373:INFO:         deprecation: 2.1.0
2025-07-20 14:00:07,373:INFO:              xxhash: 3.5.0
2025-07-20 14:00:07,373:INFO:           wurlitzer: Not installed
2025-07-20 14:00:07,373:INFO:PyCaret optional dependencies:
2025-07-20 14:00:08,014:INFO:                shap: Not installed
2025-07-20 14:00:08,014:INFO:           interpret: Not installed
2025-07-20 14:00:08,014:INFO:                umap: Not installed
2025-07-20 14:00:08,014:INFO:     ydata_profiling: Not installed
2025-07-20 14:00:08,014:INFO:  explainerdashboard: Not installed
2025-07-20 14:00:08,014:INFO:             autoviz: Not installed
2025-07-20 14:00:08,014:INFO:           fairlearn: Not installed
2025-07-20 14:00:08,014:INFO:          deepchecks: Not installed
2025-07-20 14:00:08,014:INFO:             xgboost: Not installed
2025-07-20 14:00:08,014:INFO:            catboost: Not installed
2025-07-20 14:00:08,014:INFO:              kmodes: Not installed
2025-07-20 14:00:08,014:INFO:             mlxtend: Not installed
2025-07-20 14:00:08,014:INFO:       statsforecast: Not installed
2025-07-20 14:00:08,014:INFO:        tune_sklearn: Not installed
2025-07-20 14:00:08,014:INFO:                 ray: Not installed
2025-07-20 14:00:08,014:INFO:            hyperopt: Not installed
2025-07-20 14:00:08,014:INFO:              optuna: Not installed
2025-07-20 14:00:08,014:INFO:               skopt: Not installed
2025-07-20 14:00:08,014:INFO:              mlflow: 3.1.1
2025-07-20 14:00:08,014:INFO:              gradio: Not installed
2025-07-20 14:00:08,014:INFO:             fastapi: 0.116.1
2025-07-20 14:00:08,014:INFO:             uvicorn: 0.35.0
2025-07-20 14:00:08,014:INFO:              m2cgen: Not installed
2025-07-20 14:00:08,014:INFO:           evidently: Not installed
2025-07-20 14:00:08,014:INFO:               fugue: Not installed
2025-07-20 14:00:08,014:INFO:           streamlit: Not installed
2025-07-20 14:00:08,014:INFO:             prophet: Not installed
2025-07-20 14:00:08,014:INFO:None
2025-07-20 14:00:08,014:INFO:Set up data.
2025-07-20 14:00:08,025:INFO:Set up folding strategy.
2025-07-20 14:00:08,025:INFO:Set up train/test split.
2025-07-20 14:00:08,041:INFO:Set up index.
2025-07-20 14:00:08,041:INFO:Assigning column types.
2025-07-20 14:00:08,048:INFO:Engine successfully changes for model 'lr' to 'sklearn'.
2025-07-20 14:00:08,091:INFO:Engine for model 'knn' has not been set explicitly, hence returning None.
2025-07-20 14:00:08,097:INFO:Engine for model 'rbfsvm' has not been set explicitly, hence returning None.
2025-07-20 14:00:08,139:WARNING:
'xgboost' is a soft dependency and not included in the pycaret installation. Please run: `pip install xgboost` to install.
Alternately, you can install this by running `pip install pycaret[models]`
2025-07-20 14:00:08,139:WARNING:
'catboost' is a soft dependency and not included in the pycaret installation. Please run: `pip install catboost` to install.
Alternately, you can install this by running `pip install pycaret[models]`
2025-07-20 14:00:08,191:INFO:Engine for model 'knn' has not been set explicitly, hence returning None.
2025-07-20 14:00:08,191:INFO:Engine for model 'rbfsvm' has not been set explicitly, hence returning None.
2025-07-20 14:00:08,224:WARNING:
'xgboost' is a soft dependency and not included in the pycaret installation. Please run: `pip install xgboost` to install.
Alternately, you can install this by running `pip install pycaret[models]`
2025-07-20 14:00:08,224:WARNING:
'catboost' is a soft dependency and not included in the pycaret installation. Please run: `pip install catboost` to install.
Alternately, you can install this by running `pip install pycaret[models]`
2025-07-20 14:00:08,224:INFO:Engine successfully changes for model 'knn' to 'sklearn'.
2025-07-20 14:00:08,280:INFO:Engine for model 'rbfsvm' has not been set explicitly, hence returning None.
2025-07-20 14:00:08,314:WARNING:
'xgboost' is a soft dependency and not included in the pycaret installation. Please run: `pip install xgboost` to install.
Alternately, you can install this by running `pip install pycaret[models]`
2025-07-20 14:00:08,314:WARNING:
'catboost' is a soft dependency and not included in the pycaret installation. Please run: `pip install catboost` to install.
Alternately, you can install this by running `pip install pycaret[models]`
2025-07-20 14:00:08,374:INFO:Engine for model 'rbfsvm' has not been set explicitly, hence returning None.
2025-07-20 14:00:08,407:WARNING:
'xgboost' is a soft dependency and not included in the pycaret installation. Please run: `pip install xgboost` to install.
Alternately, you can install this by running `pip install pycaret[models]`
2025-07-20 14:00:08,407:WARNING:
'catboost' is a soft dependency and not included in the pycaret installation. Please run: `pip install catboost` to install.
Alternately, you can install this by running `pip install pycaret[models]`
2025-07-20 14:00:08,407:INFO:Engine successfully changes for model 'rbfsvm' to 'sklearn'.
2025-07-20 14:00:08,498:WARNING:
'xgboost' is a soft dependency and not included in the pycaret installation. Please run: `pip install xgboost` to install.
Alternately, you can install this by running `pip install pycaret[models]`
2025-07-20 14:00:08,498:WARNING:
'catboost' is a soft dependency and not included in the pycaret installation. Please run: `pip install catboost` to install.
Alternately, you can install this by running `pip install pycaret[models]`
2025-07-20 14:00:08,591:WARNING:
'xgboost' is a soft dependency and not included in the pycaret installation. Please run: `pip install xgboost` to install.
Alternately, you can install this by running `pip install pycaret[models]`
2025-07-20 14:00:08,591:WARNING:
'catboost' is a soft dependency and not included in the pycaret installation. Please run: `pip install catboost` to install.
Alternately, you can install this by running `pip install pycaret[models]`
2025-07-20 14:00:08,591:INFO:Preparing preprocessing pipeline...
2025-07-20 14:00:08,597:INFO:Set up label encoding.
2025-07-20 14:00:08,597:INFO:Set up simple imputation.
2025-07-20 14:00:08,597:INFO:Set up encoding of categorical features.
2025-07-20 14:00:08,597:INFO:Set up removing multicollinearity.
2025-07-20 14:00:08,597:INFO:Set up feature normalization.
2025-07-20 14:00:08,606:INFO:Set up column name cleaning.
2025-07-20 14:00:08,747:INFO:Finished creating preprocessing pipeline.
2025-07-20 14:00:08,763:INFO:Pipeline: Pipeline(memory=FastMemory(location=C:\Users\CHANDAN\AppData\Local\Temp\joblib),
         steps=[('label_encoding',
                 TransformerWrapperWithInverse(exclude=None, include=None,
                                               transformer=LabelEncoder())),
                ('numerical_imputer',
                 TransformerWrapper(exclude=None,
                                    include=['Air temperature [K]',
                                             'Process temperature [K]',
                                             'Rotational speed [rpm]',
                                             'Torque [Nm]', 'Tool wear [min]',
                                             'T...
                 TransformerWrapper(exclude=[], include=None,
                                    transformer=RemoveMulticollinearity(threshold=0.95))),
                ('normalize',
                 TransformerWrapper(exclude=None, include=None,
                                    transformer=StandardScaler(copy=True,
                                                               with_mean=True,
                                                               with_std=True))),
                ('clean_column_names',
                 TransformerWrapper(exclude=None, include=None,
                                    transformer=CleanColumnNames(match='[\\]\\[\\,\\{\\}\\"\\:]+')))],
         verbose=False)
2025-07-20 14:00:08,763:INFO:Creating final display dataframe.
2025-07-20 14:00:09,097:INFO:Setup _display_container:                     Description  \
0                    Session id   
1                        Target   
2                   Target type   
3                Target mapping   
4           Original data shape   
5        Transformed data shape   
6   Transformed train set shape   
7    Transformed test set shape   
8              Numeric features   
9          Categorical features   
10                   Preprocess   
11              Imputation type   
12           Numeric imputation   
13       Categorical imputation   
14     Maximum one-hot encoding   
15              Encoding method   
16     Remove multicollinearity   
17  Multicollinearity threshold   
18                    Normalize   
19             Normalize method   
20               Fold Generator   
21                  Fold Number   
22                     CPU Jobs   
23                      Use GPU   
24               Log Experiment   
25              Experiment Name   
26                          USI   

                                                Value  
0                                                  42  
1                                        Failure Type  
2                                          Multiclass  
3   Heat Dissipation Failure: 0, No Failure: 1, Ov...  
4                                          (10000, 8)  
5                                         (10000, 10)  
6                                          (7000, 10)  
7                                          (3000, 10)  
8                                                   6  
9                                                   1  
10                                               True  
11                                             simple  
12                                               mean  
13                                               mode  
14                                                 25  
15                                               None  
16                                               True  
17                                               0.95  
18                                               True  
19                                             zscore  
20                                    StratifiedKFold  
21                                                 10  
22                                                 -1  
23                                              False  
24                                       MlflowLogger  
25                             predictive_maintenance  
26                                               3c36  
2025-07-20 14:00:09,211:WARNING:
'xgboost' is a soft dependency and not included in the pycaret installation. Please run: `pip install xgboost` to install.
Alternately, you can install this by running `pip install pycaret[models]`
2025-07-20 14:00:09,211:WARNING:
'catboost' is a soft dependency and not included in the pycaret installation. Please run: `pip install catboost` to install.
Alternately, you can install this by running `pip install pycaret[models]`
2025-07-20 14:00:09,288:WARNING:
'xgboost' is a soft dependency and not included in the pycaret installation. Please run: `pip install xgboost` to install.
Alternately, you can install this by running `pip install pycaret[models]`
2025-07-20 14:00:09,288:WARNING:
'catboost' is a soft dependency and not included in the pycaret installation. Please run: `pip install catboost` to install.
Alternately, you can install this by running `pip install pycaret[models]`
2025-07-20 14:00:09,288:INFO:Logging experiment in loggers
2025-07-20 14:00:13,288:WARNING:C:\Users\CHANDAN\AppData\Local\Temp\ipykernel_23988\1817312141.py:816: DeprecationWarning: pkg_resources is deprecated as an API. See https://setuptools.pypa.io/en/latest/pkg_resources.html
  import pkg_resources

2025-07-20 14:04:11,144:INFO:PyCaret ClassificationExperiment
2025-07-20 14:04:11,144:INFO:Logging name: predictive_maintenance
2025-07-20 14:04:11,144:INFO:ML Usecase: MLUsecase.CLASSIFICATION
2025-07-20 14:04:11,145:INFO:version 3.3.2
2025-07-20 14:04:11,145:INFO:Initializing setup()
2025-07-20 14:04:11,145:INFO:self.USI: f325
2025-07-20 14:04:11,145:INFO:self._variable_keys: {'_ml_usecase', 'gpu_param', 'y_test', 'USI', 'log_plots_param', 'fold_generator', 'fold_groups_param', 'data', 'X', 'html_param', 'gpu_n_jobs_param', 'pipeline', 'exp_id', 'n_jobs_param', 'target_param', 'exp_name_log', 'y', 'X_train', 'logging_param', 'idx', 'seed', 'fold_shuffle_param', 'is_multiclass', 'y_train', 'fix_imbalance', '_available_plots', 'X_test', 'memory'}
2025-07-20 14:04:11,145:INFO:Checking environment
2025-07-20 14:04:11,145:INFO:python_version: 3.10.18
2025-07-20 14:04:11,145:INFO:python_build: ('main', 'Jun  5 2025 13:08:55')
2025-07-20 14:04:11,145:INFO:machine: AMD64
2025-07-20 14:04:11,145:INFO:platform: Windows-10-10.0.26100-SP0
2025-07-20 14:04:11,147:INFO:Memory: svmem(total=16849256448, available=2905669632, percent=82.8, used=13943586816, free=2905669632)
2025-07-20 14:04:11,147:INFO:Physical Core: 10
2025-07-20 14:04:11,147:INFO:Logical Core: 12
2025-07-20 14:04:11,147:INFO:Checking libraries
2025-07-20 14:04:11,147:INFO:System:
2025-07-20 14:04:11,147:INFO:    python: 3.10.18 | packaged by Anaconda, Inc. | (main, Jun  5 2025, 13:08:55) [MSC v.1929 64 bit (AMD64)]
2025-07-20 14:04:11,147:INFO:executable: c:\Users\CHANDAN\.conda\envs\pycaret\python.exe
2025-07-20 14:04:11,147:INFO:   machine: Windows-10-10.0.26100-SP0
2025-07-20 14:04:11,147:INFO:PyCaret required dependencies:
2025-07-20 14:04:11,149:INFO:                 pip: 25.1
2025-07-20 14:04:11,149:INFO:          setuptools: 78.1.1
2025-07-20 14:04:11,149:INFO:             pycaret: 3.3.2
2025-07-20 14:04:11,149:INFO:             IPython: 8.30.0
2025-07-20 14:04:11,151:INFO:          ipywidgets: 8.1.7
2025-07-20 14:04:11,151:INFO:                tqdm: 4.67.1
2025-07-20 14:04:11,151:INFO:               numpy: 1.26.4
2025-07-20 14:04:11,151:INFO:              pandas: 2.1.4
2025-07-20 14:04:11,151:INFO:              jinja2: 3.1.6
2025-07-20 14:04:11,151:INFO:               scipy: 1.11.4
2025-07-20 14:04:11,151:INFO:              joblib: 1.3.2
2025-07-20 14:04:11,151:INFO:             sklearn: 1.4.2
2025-07-20 14:04:11,151:INFO:                pyod: 2.0.5
2025-07-20 14:04:11,151:INFO:            imblearn: 0.13.0
2025-07-20 14:04:11,151:INFO:   category_encoders: 2.7.0
2025-07-20 14:04:11,151:INFO:            lightgbm: 4.6.0
2025-07-20 14:04:11,151:INFO:               numba: 0.61.2
2025-07-20 14:04:11,151:INFO:            requests: 2.32.4
2025-07-20 14:04:11,151:INFO:          matplotlib: 3.7.5
2025-07-20 14:04:11,151:INFO:          scikitplot: 0.3.7
2025-07-20 14:04:11,151:INFO:         yellowbrick: 1.5
2025-07-20 14:04:11,151:INFO:              plotly: 5.24.1
2025-07-20 14:04:11,151:INFO:    plotly-resampler: Not installed
2025-07-20 14:04:11,151:INFO:             kaleido: 1.0.0
2025-07-20 14:04:11,154:INFO:           schemdraw: 0.15
2025-07-20 14:04:11,154:INFO:         statsmodels: 0.14.5
2025-07-20 14:04:11,154:INFO:              sktime: 0.26.0
2025-07-20 14:04:11,154:INFO:               tbats: 1.1.3
2025-07-20 14:04:11,154:INFO:            pmdarima: 2.0.4
2025-07-20 14:04:11,154:INFO:              psutil: 5.9.0
2025-07-20 14:04:11,154:INFO:          markupsafe: 3.0.2
2025-07-20 14:04:11,154:INFO:             pickle5: Not installed
2025-07-20 14:04:11,154:INFO:         cloudpickle: 3.1.1
2025-07-20 14:04:11,154:INFO:         deprecation: 2.1.0
2025-07-20 14:04:11,154:INFO:              xxhash: 3.5.0
2025-07-20 14:04:11,154:INFO:           wurlitzer: Not installed
2025-07-20 14:04:11,154:INFO:PyCaret optional dependencies:
2025-07-20 14:04:11,156:INFO:                shap: Not installed
2025-07-20 14:04:11,156:INFO:           interpret: Not installed
2025-07-20 14:04:11,156:INFO:                umap: Not installed
2025-07-20 14:04:11,156:INFO:     ydata_profiling: Not installed
2025-07-20 14:04:11,156:INFO:  explainerdashboard: Not installed
2025-07-20 14:04:11,156:INFO:             autoviz: Not installed
2025-07-20 14:04:11,156:INFO:           fairlearn: Not installed
2025-07-20 14:04:11,156:INFO:          deepchecks: Not installed
2025-07-20 14:04:11,156:INFO:             xgboost: Not installed
2025-07-20 14:04:11,156:INFO:            catboost: Not installed
2025-07-20 14:04:11,156:INFO:              kmodes: Not installed
2025-07-20 14:04:11,156:INFO:             mlxtend: Not installed
2025-07-20 14:04:11,156:INFO:       statsforecast: Not installed
2025-07-20 14:04:11,156:INFO:        tune_sklearn: Not installed
2025-07-20 14:04:11,156:INFO:                 ray: Not installed
2025-07-20 14:04:11,156:INFO:            hyperopt: Not installed
2025-07-20 14:04:11,156:INFO:              optuna: Not installed
2025-07-20 14:04:11,156:INFO:               skopt: Not installed
2025-07-20 14:04:11,156:INFO:              mlflow: 3.1.1
2025-07-20 14:04:11,158:INFO:              gradio: Not installed
2025-07-20 14:04:11,158:INFO:             fastapi: 0.116.1
2025-07-20 14:04:11,158:INFO:             uvicorn: 0.35.0
2025-07-20 14:04:11,158:INFO:              m2cgen: Not installed
2025-07-20 14:04:11,158:INFO:           evidently: Not installed
2025-07-20 14:04:11,158:INFO:               fugue: Not installed
2025-07-20 14:04:11,159:INFO:           streamlit: Not installed
2025-07-20 14:04:11,159:INFO:             prophet: Not installed
2025-07-20 14:04:11,159:INFO:None
2025-07-20 14:04:11,159:INFO:Set up data.
2025-07-20 14:04:11,181:INFO:Set up folding strategy.
2025-07-20 14:04:11,181:INFO:Set up train/test split.
2025-07-20 14:04:11,202:INFO:Set up index.
2025-07-20 14:04:11,202:INFO:Assigning column types.
2025-07-20 14:04:11,212:INFO:Engine successfully changes for model 'lr' to 'sklearn'.
2025-07-20 14:04:11,287:INFO:Engine for model 'knn' has not been set explicitly, hence returning None.
2025-07-20 14:04:11,289:INFO:Engine for model 'rbfsvm' has not been set explicitly, hence returning None.
2025-07-20 14:04:11,317:WARNING:
'xgboost' is a soft dependency and not included in the pycaret installation. Please run: `pip install xgboost` to install.
Alternately, you can install this by running `pip install pycaret[models]`
2025-07-20 14:04:11,317:WARNING:
'catboost' is a soft dependency and not included in the pycaret installation. Please run: `pip install catboost` to install.
Alternately, you can install this by running `pip install pycaret[models]`
2025-07-20 14:04:11,361:INFO:Engine for model 'knn' has not been set explicitly, hence returning None.
2025-07-20 14:04:11,361:INFO:Engine for model 'rbfsvm' has not been set explicitly, hence returning None.
2025-07-20 14:04:11,393:WARNING:
'xgboost' is a soft dependency and not included in the pycaret installation. Please run: `pip install xgboost` to install.
Alternately, you can install this by running `pip install pycaret[models]`
2025-07-20 14:04:11,393:WARNING:
'catboost' is a soft dependency and not included in the pycaret installation. Please run: `pip install catboost` to install.
Alternately, you can install this by running `pip install pycaret[models]`
2025-07-20 14:04:11,393:INFO:Engine successfully changes for model 'knn' to 'sklearn'.
2025-07-20 14:04:11,452:INFO:Engine for model 'rbfsvm' has not been set explicitly, hence returning None.
2025-07-20 14:04:11,491:WARNING:
'xgboost' is a soft dependency and not included in the pycaret installation. Please run: `pip install xgboost` to install.
Alternately, you can install this by running `pip install pycaret[models]`
2025-07-20 14:04:11,491:WARNING:
'catboost' is a soft dependency and not included in the pycaret installation. Please run: `pip install catboost` to install.
Alternately, you can install this by running `pip install pycaret[models]`
2025-07-20 14:04:11,544:INFO:Engine for model 'rbfsvm' has not been set explicitly, hence returning None.
2025-07-20 14:04:11,569:WARNING:
'xgboost' is a soft dependency and not included in the pycaret installation. Please run: `pip install xgboost` to install.
Alternately, you can install this by running `pip install pycaret[models]`
2025-07-20 14:04:11,576:WARNING:
'catboost' is a soft dependency and not included in the pycaret installation. Please run: `pip install catboost` to install.
Alternately, you can install this by running `pip install pycaret[models]`
2025-07-20 14:04:11,576:INFO:Engine successfully changes for model 'rbfsvm' to 'sklearn'.
2025-07-20 14:04:11,653:WARNING:
'xgboost' is a soft dependency and not included in the pycaret installation. Please run: `pip install xgboost` to install.
Alternately, you can install this by running `pip install pycaret[models]`
2025-07-20 14:04:11,653:WARNING:
'catboost' is a soft dependency and not included in the pycaret installation. Please run: `pip install catboost` to install.
Alternately, you can install this by running `pip install pycaret[models]`
2025-07-20 14:04:11,733:WARNING:
'xgboost' is a soft dependency and not included in the pycaret installation. Please run: `pip install xgboost` to install.
Alternately, you can install this by running `pip install pycaret[models]`
2025-07-20 14:04:11,733:WARNING:
'catboost' is a soft dependency and not included in the pycaret installation. Please run: `pip install catboost` to install.
Alternately, you can install this by running `pip install pycaret[models]`
2025-07-20 14:04:11,737:INFO:Preparing preprocessing pipeline...
2025-07-20 14:04:11,739:INFO:Set up label encoding.
2025-07-20 14:04:11,739:INFO:Set up simple imputation.
2025-07-20 14:04:11,742:INFO:Set up encoding of categorical features.
2025-07-20 14:04:11,742:INFO:Set up removing multicollinearity.
2025-07-20 14:04:11,742:INFO:Set up feature normalization.
2025-07-20 14:04:11,742:INFO:Set up column name cleaning.
2025-07-20 14:04:11,867:INFO:Finished creating preprocessing pipeline.
2025-07-20 14:04:11,889:INFO:Pipeline: Pipeline(memory=FastMemory(location=C:\Users\CHANDAN\AppData\Local\Temp\joblib),
         steps=[('label_encoding',
                 TransformerWrapperWithInverse(exclude=None, include=None,
                                               transformer=LabelEncoder())),
                ('numerical_imputer',
                 TransformerWrapper(exclude=None,
                                    include=['Air temperature [K]',
                                             'Process temperature [K]',
                                             'Rotational speed [rpm]',
                                             'Torque [Nm]', 'Tool wear [min]',
                                             'T...
                 TransformerWrapper(exclude=[], include=None,
                                    transformer=RemoveMulticollinearity(threshold=0.95))),
                ('normalize',
                 TransformerWrapper(exclude=None, include=None,
                                    transformer=StandardScaler(copy=True,
                                                               with_mean=True,
                                                               with_std=True))),
                ('clean_column_names',
                 TransformerWrapper(exclude=None, include=None,
                                    transformer=CleanColumnNames(match='[\\]\\[\\,\\{\\}\\"\\:]+')))],
         verbose=False)
2025-07-20 14:04:11,889:INFO:Creating final display dataframe.
2025-07-20 14:04:12,208:INFO:Setup _display_container:                     Description  \
0                    Session id   
1                        Target   
2                   Target type   
3                Target mapping   
4           Original data shape   
5        Transformed data shape   
6   Transformed train set shape   
7    Transformed test set shape   
8              Numeric features   
9          Categorical features   
10                   Preprocess   
11              Imputation type   
12           Numeric imputation   
13       Categorical imputation   
14     Maximum one-hot encoding   
15              Encoding method   
16     Remove multicollinearity   
17  Multicollinearity threshold   
18                    Normalize   
19             Normalize method   
20               Fold Generator   
21                  Fold Number   
22                     CPU Jobs   
23                      Use GPU   
24               Log Experiment   
25              Experiment Name   
26                          USI   

                                                Value  
0                                                  42  
1                                        Failure Type  
2                                          Multiclass  
3   Heat Dissipation Failure: 0, No Failure: 1, Ov...  
4                                          (10000, 8)  
5                                         (10000, 10)  
6                                          (7000, 10)  
7                                          (3000, 10)  
8                                                   6  
9                                                   1  
10                                               True  
11                                             simple  
12                                               mean  
13                                               mode  
14                                                 25  
15                                               None  
16                                               True  
17                                               0.95  
18                                               True  
19                                             zscore  
20                                    StratifiedKFold  
21                                                 10  
22                                                 -1  
23                                              False  
24                                       MlflowLogger  
25                             predictive_maintenance  
26                                               f325  
2025-07-20 14:04:12,319:WARNING:
'xgboost' is a soft dependency and not included in the pycaret installation. Please run: `pip install xgboost` to install.
Alternately, you can install this by running `pip install pycaret[models]`
2025-07-20 14:04:12,319:WARNING:
'catboost' is a soft dependency and not included in the pycaret installation. Please run: `pip install catboost` to install.
Alternately, you can install this by running `pip install pycaret[models]`
2025-07-20 14:04:12,399:WARNING:
'xgboost' is a soft dependency and not included in the pycaret installation. Please run: `pip install xgboost` to install.
Alternately, you can install this by running `pip install pycaret[models]`
2025-07-20 14:04:12,413:WARNING:
'catboost' is a soft dependency and not included in the pycaret installation. Please run: `pip install catboost` to install.
Alternately, you can install this by running `pip install pycaret[models]`
2025-07-20 14:04:12,413:INFO:Logging experiment in loggers
2025-07-20 14:07:59,850:WARNING:
'cuml' is a soft dependency and not included in the pycaret installation. Please run: `pip install cuml` to install.
2025-07-20 14:07:59,850:WARNING:
'cuml' is a soft dependency and not included in the pycaret installation. Please run: `pip install cuml` to install.
2025-07-20 14:07:59,850:WARNING:
'cuml' is a soft dependency and not included in the pycaret installation. Please run: `pip install cuml` to install.
2025-07-20 14:07:59,850:WARNING:
'cuml' is a soft dependency and not included in the pycaret installation. Please run: `pip install cuml` to install.
2025-07-20 14:08:05,299:INFO:PyCaret ClassificationExperiment
2025-07-20 14:08:05,299:INFO:Logging name: predictive_maintenance
2025-07-20 14:08:05,299:INFO:ML Usecase: MLUsecase.CLASSIFICATION
2025-07-20 14:08:05,299:INFO:version 3.3.2
2025-07-20 14:08:05,299:INFO:Initializing setup()
2025-07-20 14:08:05,299:INFO:self.USI: 46ba
2025-07-20 14:08:05,299:INFO:self._variable_keys: {'pipeline', 'fix_imbalance', 'log_plots_param', 'y_train', 'exp_name_log', 'USI', 'idx', 'seed', 'html_param', 'y', 'target_param', 'memory', 'n_jobs_param', '_ml_usecase', 'X_train', 'logging_param', 'y_test', '_available_plots', 'X', 'gpu_n_jobs_param', 'data', 'fold_shuffle_param', 'is_multiclass', 'gpu_param', 'X_test', 'fold_generator', 'fold_groups_param', 'exp_id'}
2025-07-20 14:08:05,299:INFO:Checking environment
2025-07-20 14:08:05,299:INFO:python_version: 3.10.18
2025-07-20 14:08:05,299:INFO:python_build: ('main', 'Jun  5 2025 13:08:55')
2025-07-20 14:08:05,299:INFO:machine: AMD64
2025-07-20 14:08:05,299:INFO:platform: Windows-10-10.0.26100-SP0
2025-07-20 14:08:05,299:INFO:Memory: svmem(total=16849256448, available=3531030528, percent=79.0, used=13318225920, free=3531030528)
2025-07-20 14:08:05,299:INFO:Physical Core: 10
2025-07-20 14:08:05,299:INFO:Logical Core: 12
2025-07-20 14:08:05,299:INFO:Checking libraries
2025-07-20 14:08:05,299:INFO:System:
2025-07-20 14:08:05,299:INFO:    python: 3.10.18 | packaged by Anaconda, Inc. | (main, Jun  5 2025, 13:08:55) [MSC v.1929 64 bit (AMD64)]
2025-07-20 14:08:05,299:INFO:executable: c:\Users\CHANDAN\.conda\envs\pycaret\python.exe
2025-07-20 14:08:05,299:INFO:   machine: Windows-10-10.0.26100-SP0
2025-07-20 14:08:05,299:INFO:PyCaret required dependencies:
2025-07-20 14:08:05,385:INFO:                 pip: 25.1
2025-07-20 14:08:05,385:INFO:          setuptools: 78.1.1
2025-07-20 14:08:05,385:INFO:             pycaret: 3.3.2
2025-07-20 14:08:05,385:INFO:             IPython: 8.30.0
2025-07-20 14:08:05,385:INFO:          ipywidgets: 8.1.7
2025-07-20 14:08:05,385:INFO:                tqdm: 4.67.1
2025-07-20 14:08:05,385:INFO:               numpy: 1.26.4
2025-07-20 14:08:05,385:INFO:              pandas: 2.1.4
2025-07-20 14:08:05,385:INFO:              jinja2: 3.1.6
2025-07-20 14:08:05,385:INFO:               scipy: 1.11.4
2025-07-20 14:08:05,385:INFO:              joblib: 1.3.2
2025-07-20 14:08:05,385:INFO:             sklearn: 1.4.2
2025-07-20 14:08:05,385:INFO:                pyod: 2.0.5
2025-07-20 14:08:05,385:INFO:            imblearn: 0.13.0
2025-07-20 14:08:05,385:INFO:   category_encoders: 2.7.0
2025-07-20 14:08:05,385:INFO:            lightgbm: 4.6.0
2025-07-20 14:08:05,385:INFO:               numba: 0.61.2
2025-07-20 14:08:05,385:INFO:            requests: 2.32.4
2025-07-20 14:08:05,385:INFO:          matplotlib: 3.7.5
2025-07-20 14:08:05,385:INFO:          scikitplot: 0.3.7
2025-07-20 14:08:05,385:INFO:         yellowbrick: 1.5
2025-07-20 14:08:05,385:INFO:              plotly: 5.24.1
2025-07-20 14:08:05,385:INFO:    plotly-resampler: Not installed
2025-07-20 14:08:05,385:INFO:             kaleido: 1.0.0
2025-07-20 14:08:05,385:INFO:           schemdraw: 0.15
2025-07-20 14:08:05,385:INFO:         statsmodels: 0.14.5
2025-07-20 14:08:05,385:INFO:              sktime: 0.26.0
2025-07-20 14:08:05,385:INFO:               tbats: 1.1.3
2025-07-20 14:08:05,385:INFO:            pmdarima: 2.0.4
2025-07-20 14:08:05,385:INFO:              psutil: 5.9.0
2025-07-20 14:08:05,385:INFO:          markupsafe: 3.0.2
2025-07-20 14:08:05,385:INFO:             pickle5: Not installed
2025-07-20 14:08:05,385:INFO:         cloudpickle: 3.1.1
2025-07-20 14:08:05,385:INFO:         deprecation: 2.1.0
2025-07-20 14:08:05,385:INFO:              xxhash: 3.5.0
2025-07-20 14:08:05,385:INFO:           wurlitzer: Not installed
2025-07-20 14:08:05,385:INFO:PyCaret optional dependencies:
2025-07-20 14:08:05,818:INFO:                shap: Not installed
2025-07-20 14:08:05,818:INFO:           interpret: Not installed
2025-07-20 14:08:05,818:INFO:                umap: Not installed
2025-07-20 14:08:05,818:INFO:     ydata_profiling: Not installed
2025-07-20 14:08:05,818:INFO:  explainerdashboard: Not installed
2025-07-20 14:08:05,818:INFO:             autoviz: Not installed
2025-07-20 14:08:05,818:INFO:           fairlearn: Not installed
2025-07-20 14:08:05,818:INFO:          deepchecks: Not installed
2025-07-20 14:08:05,818:INFO:             xgboost: Not installed
2025-07-20 14:08:05,818:INFO:            catboost: Not installed
2025-07-20 14:08:05,818:INFO:              kmodes: Not installed
2025-07-20 14:08:05,818:INFO:             mlxtend: Not installed
2025-07-20 14:08:05,818:INFO:       statsforecast: Not installed
2025-07-20 14:08:05,818:INFO:        tune_sklearn: Not installed
2025-07-20 14:08:05,818:INFO:                 ray: Not installed
2025-07-20 14:08:05,818:INFO:            hyperopt: Not installed
2025-07-20 14:08:05,818:INFO:              optuna: Not installed
2025-07-20 14:08:05,818:INFO:               skopt: Not installed
2025-07-20 14:08:05,818:INFO:              mlflow: 3.1.1
2025-07-20 14:08:05,818:INFO:              gradio: Not installed
2025-07-20 14:08:05,818:INFO:             fastapi: 0.116.1
2025-07-20 14:08:05,818:INFO:             uvicorn: 0.35.0
2025-07-20 14:08:05,818:INFO:              m2cgen: Not installed
2025-07-20 14:08:05,818:INFO:           evidently: Not installed
2025-07-20 14:08:05,818:INFO:               fugue: Not installed
2025-07-20 14:08:05,818:INFO:           streamlit: Not installed
2025-07-20 14:08:05,818:INFO:             prophet: Not installed
2025-07-20 14:08:05,818:INFO:None
2025-07-20 14:08:05,818:INFO:Set up data.
2025-07-20 14:08:05,835:INFO:Set up folding strategy.
2025-07-20 14:08:05,835:INFO:Set up train/test split.
2025-07-20 14:08:05,848:INFO:Set up index.
2025-07-20 14:08:05,848:INFO:Assigning column types.
2025-07-20 14:08:05,848:INFO:Engine successfully changes for model 'lr' to 'sklearn'.
2025-07-20 14:08:05,905:INFO:Engine for model 'knn' has not been set explicitly, hence returning None.
2025-07-20 14:08:05,913:INFO:Engine for model 'rbfsvm' has not been set explicitly, hence returning None.
2025-07-20 14:08:05,949:WARNING:
'xgboost' is a soft dependency and not included in the pycaret installation. Please run: `pip install xgboost` to install.
Alternately, you can install this by running `pip install pycaret[models]`
2025-07-20 14:08:05,949:WARNING:
'catboost' is a soft dependency and not included in the pycaret installation. Please run: `pip install catboost` to install.
Alternately, you can install this by running `pip install pycaret[models]`
2025-07-20 14:08:06,015:INFO:Engine for model 'knn' has not been set explicitly, hence returning None.
2025-07-20 14:08:06,019:INFO:Engine for model 'rbfsvm' has not been set explicitly, hence returning None.
2025-07-20 14:08:06,058:WARNING:
'xgboost' is a soft dependency and not included in the pycaret installation. Please run: `pip install xgboost` to install.
Alternately, you can install this by running `pip install pycaret[models]`
2025-07-20 14:08:06,058:WARNING:
'catboost' is a soft dependency and not included in the pycaret installation. Please run: `pip install catboost` to install.
Alternately, you can install this by running `pip install pycaret[models]`
2025-07-20 14:08:06,058:INFO:Engine successfully changes for model 'knn' to 'sklearn'.
2025-07-20 14:08:06,132:INFO:Engine for model 'rbfsvm' has not been set explicitly, hence returning None.
2025-07-20 14:08:06,159:WARNING:
'xgboost' is a soft dependency and not included in the pycaret installation. Please run: `pip install xgboost` to install.
Alternately, you can install this by running `pip install pycaret[models]`
2025-07-20 14:08:06,159:WARNING:
'catboost' is a soft dependency and not included in the pycaret installation. Please run: `pip install catboost` to install.
Alternately, you can install this by running `pip install pycaret[models]`
2025-07-20 14:08:06,207:INFO:Engine for model 'rbfsvm' has not been set explicitly, hence returning None.
2025-07-20 14:08:06,239:WARNING:
'xgboost' is a soft dependency and not included in the pycaret installation. Please run: `pip install xgboost` to install.
Alternately, you can install this by running `pip install pycaret[models]`
2025-07-20 14:08:06,239:WARNING:
'catboost' is a soft dependency and not included in the pycaret installation. Please run: `pip install catboost` to install.
Alternately, you can install this by running `pip install pycaret[models]`
2025-07-20 14:08:06,239:INFO:Engine successfully changes for model 'rbfsvm' to 'sklearn'.
2025-07-20 14:08:06,336:WARNING:
'xgboost' is a soft dependency and not included in the pycaret installation. Please run: `pip install xgboost` to install.
Alternately, you can install this by running `pip install pycaret[models]`
2025-07-20 14:08:06,336:WARNING:
'catboost' is a soft dependency and not included in the pycaret installation. Please run: `pip install catboost` to install.
Alternately, you can install this by running `pip install pycaret[models]`
2025-07-20 14:08:06,498:WARNING:
'xgboost' is a soft dependency and not included in the pycaret installation. Please run: `pip install xgboost` to install.
Alternately, you can install this by running `pip install pycaret[models]`
2025-07-20 14:08:06,498:WARNING:
'catboost' is a soft dependency and not included in the pycaret installation. Please run: `pip install catboost` to install.
Alternately, you can install this by running `pip install pycaret[models]`
2025-07-20 14:08:06,499:INFO:Preparing preprocessing pipeline...
2025-07-20 14:08:06,499:INFO:Set up label encoding.
2025-07-20 14:08:06,499:INFO:Set up simple imputation.
2025-07-20 14:08:06,505:INFO:Set up encoding of categorical features.
2025-07-20 14:08:06,505:INFO:Set up removing multicollinearity.
2025-07-20 14:08:06,505:INFO:Set up feature normalization.
2025-07-20 14:08:06,505:INFO:Set up column name cleaning.
2025-07-20 14:08:06,639:INFO:Finished creating preprocessing pipeline.
2025-07-20 14:08:06,655:INFO:Pipeline: Pipeline(memory=FastMemory(location=C:\Users\CHANDAN\AppData\Local\Temp\joblib),
         steps=[('label_encoding',
                 TransformerWrapperWithInverse(exclude=None, include=None,
                                               transformer=LabelEncoder())),
                ('numerical_imputer',
                 TransformerWrapper(exclude=None,
                                    include=['Air temperature [K]',
                                             'Process temperature [K]',
                                             'Rotational speed [rpm]',
                                             'Torque [Nm]', 'Tool wear [min]',
                                             'T...
                 TransformerWrapper(exclude=[], include=None,
                                    transformer=RemoveMulticollinearity(threshold=0.95))),
                ('normalize',
                 TransformerWrapper(exclude=None, include=None,
                                    transformer=StandardScaler(copy=True,
                                                               with_mean=True,
                                                               with_std=True))),
                ('clean_column_names',
                 TransformerWrapper(exclude=None, include=None,
                                    transformer=CleanColumnNames(match='[\\]\\[\\,\\{\\}\\"\\:]+')))],
         verbose=False)
2025-07-20 14:08:06,655:INFO:Creating final display dataframe.
2025-07-20 14:08:07,045:INFO:Setup _display_container:                     Description  \
0                    Session id   
1                        Target   
2                   Target type   
3                Target mapping   
4           Original data shape   
5        Transformed data shape   
6   Transformed train set shape   
7    Transformed test set shape   
8              Numeric features   
9          Categorical features   
10                   Preprocess   
11              Imputation type   
12           Numeric imputation   
13       Categorical imputation   
14     Maximum one-hot encoding   
15              Encoding method   
16     Remove multicollinearity   
17  Multicollinearity threshold   
18                    Normalize   
19             Normalize method   
20               Fold Generator   
21                  Fold Number   
22                     CPU Jobs   
23                      Use GPU   
24               Log Experiment   
25              Experiment Name   
26                          USI   

                                                Value  
0                                                  42  
1                                        Failure Type  
2                                          Multiclass  
3   Heat Dissipation Failure: 0, No Failure: 1, Ov...  
4                                          (10000, 8)  
5                                         (10000, 10)  
6                                          (7000, 10)  
7                                          (3000, 10)  
8                                                   6  
9                                                   1  
10                                               True  
11                                             simple  
12                                               mean  
13                                               mode  
14                                                 25  
15                                               None  
16                                               True  
17                                               0.95  
18                                               True  
19                                             zscore  
20                                    StratifiedKFold  
21                                                 10  
22                                                 -1  
23                                              False  
24                                       MlflowLogger  
25                             predictive_maintenance  
26                                               46ba  
2025-07-20 14:08:07,204:WARNING:
'xgboost' is a soft dependency and not included in the pycaret installation. Please run: `pip install xgboost` to install.
Alternately, you can install this by running `pip install pycaret[models]`
2025-07-20 14:08:07,204:WARNING:
'catboost' is a soft dependency and not included in the pycaret installation. Please run: `pip install catboost` to install.
Alternately, you can install this by running `pip install pycaret[models]`
2025-07-20 14:08:07,291:WARNING:
'xgboost' is a soft dependency and not included in the pycaret installation. Please run: `pip install xgboost` to install.
Alternately, you can install this by running `pip install pycaret[models]`
2025-07-20 14:08:07,291:WARNING:
'catboost' is a soft dependency and not included in the pycaret installation. Please run: `pip install catboost` to install.
Alternately, you can install this by running `pip install pycaret[models]`
2025-07-20 14:08:07,291:INFO:Logging experiment in loggers
2025-07-20 14:10:01,405:INFO:PyCaret ClassificationExperiment
2025-07-20 14:10:01,405:INFO:Logging name: predictive_maintenance
2025-07-20 14:10:01,405:INFO:ML Usecase: MLUsecase.CLASSIFICATION
2025-07-20 14:10:01,405:INFO:version 3.3.2
2025-07-20 14:10:01,405:INFO:Initializing setup()
2025-07-20 14:10:01,405:INFO:self.USI: 1f67
2025-07-20 14:10:01,405:INFO:self._variable_keys: {'pipeline', 'fix_imbalance', 'log_plots_param', 'y_train', 'exp_name_log', 'USI', 'idx', 'seed', 'html_param', 'y', 'target_param', 'memory', 'n_jobs_param', '_ml_usecase', 'X_train', 'logging_param', 'y_test', '_available_plots', 'X', 'gpu_n_jobs_param', 'data', 'fold_shuffle_param', 'is_multiclass', 'gpu_param', 'X_test', 'fold_generator', 'fold_groups_param', 'exp_id'}
2025-07-20 14:10:01,407:INFO:Checking environment
2025-07-20 14:10:01,407:INFO:python_version: 3.10.18
2025-07-20 14:10:01,407:INFO:python_build: ('main', 'Jun  5 2025 13:08:55')
2025-07-20 14:10:01,407:INFO:machine: AMD64
2025-07-20 14:10:01,407:INFO:platform: Windows-10-10.0.26100-SP0
2025-07-20 14:10:01,407:INFO:Memory: svmem(total=16849256448, available=3871670272, percent=77.0, used=12977586176, free=3871670272)
2025-07-20 14:10:01,407:INFO:Physical Core: 10
2025-07-20 14:10:01,407:INFO:Logical Core: 12
2025-07-20 14:10:01,407:INFO:Checking libraries
2025-07-20 14:10:01,407:INFO:System:
2025-07-20 14:10:01,407:INFO:    python: 3.10.18 | packaged by Anaconda, Inc. | (main, Jun  5 2025, 13:08:55) [MSC v.1929 64 bit (AMD64)]
2025-07-20 14:10:01,407:INFO:executable: c:\Users\CHANDAN\.conda\envs\pycaret\python.exe
2025-07-20 14:10:01,407:INFO:   machine: Windows-10-10.0.26100-SP0
2025-07-20 14:10:01,407:INFO:PyCaret required dependencies:
2025-07-20 14:10:01,407:INFO:                 pip: 25.1
2025-07-20 14:10:01,407:INFO:          setuptools: 78.1.1
2025-07-20 14:10:01,407:INFO:             pycaret: 3.3.2
2025-07-20 14:10:01,407:INFO:             IPython: 8.30.0
2025-07-20 14:10:01,407:INFO:          ipywidgets: 8.1.7
2025-07-20 14:10:01,407:INFO:                tqdm: 4.67.1
2025-07-20 14:10:01,407:INFO:               numpy: 1.26.4
2025-07-20 14:10:01,407:INFO:              pandas: 2.1.4
2025-07-20 14:10:01,407:INFO:              jinja2: 3.1.6
2025-07-20 14:10:01,411:INFO:               scipy: 1.11.4
2025-07-20 14:10:01,411:INFO:              joblib: 1.3.2
2025-07-20 14:10:01,411:INFO:             sklearn: 1.4.2
2025-07-20 14:10:01,411:INFO:                pyod: 2.0.5
2025-07-20 14:10:01,411:INFO:            imblearn: 0.13.0
2025-07-20 14:10:01,411:INFO:   category_encoders: 2.7.0
2025-07-20 14:10:01,411:INFO:            lightgbm: 4.6.0
2025-07-20 14:10:01,411:INFO:               numba: 0.61.2
2025-07-20 14:10:01,411:INFO:            requests: 2.32.4
2025-07-20 14:10:01,411:INFO:          matplotlib: 3.7.5
2025-07-20 14:10:01,411:INFO:          scikitplot: 0.3.7
2025-07-20 14:10:01,411:INFO:         yellowbrick: 1.5
2025-07-20 14:10:01,411:INFO:              plotly: 5.24.1
2025-07-20 14:10:01,411:INFO:    plotly-resampler: Not installed
2025-07-20 14:10:01,411:INFO:             kaleido: 1.0.0
2025-07-20 14:10:01,411:INFO:           schemdraw: 0.15
2025-07-20 14:10:01,411:INFO:         statsmodels: 0.14.5
2025-07-20 14:10:01,414:INFO:              sktime: 0.26.0
2025-07-20 14:10:01,414:INFO:               tbats: 1.1.3
2025-07-20 14:10:01,414:INFO:            pmdarima: 2.0.4
2025-07-20 14:10:01,414:INFO:              psutil: 5.9.0
2025-07-20 14:10:01,414:INFO:          markupsafe: 3.0.2
2025-07-20 14:10:01,414:INFO:             pickle5: Not installed
2025-07-20 14:10:01,414:INFO:         cloudpickle: 3.1.1
2025-07-20 14:10:01,414:INFO:         deprecation: 2.1.0
2025-07-20 14:10:01,414:INFO:              xxhash: 3.5.0
2025-07-20 14:10:01,414:INFO:           wurlitzer: Not installed
2025-07-20 14:10:01,414:INFO:PyCaret optional dependencies:
2025-07-20 14:10:01,414:INFO:                shap: Not installed
2025-07-20 14:10:01,414:INFO:           interpret: Not installed
2025-07-20 14:10:01,414:INFO:                umap: Not installed
2025-07-20 14:10:01,414:INFO:     ydata_profiling: Not installed
2025-07-20 14:10:01,414:INFO:  explainerdashboard: Not installed
2025-07-20 14:10:01,414:INFO:             autoviz: Not installed
2025-07-20 14:10:01,414:INFO:           fairlearn: Not installed
2025-07-20 14:10:01,414:INFO:          deepchecks: Not installed
2025-07-20 14:10:01,414:INFO:             xgboost: Not installed
2025-07-20 14:10:01,414:INFO:            catboost: Not installed
2025-07-20 14:10:01,414:INFO:              kmodes: Not installed
2025-07-20 14:10:01,414:INFO:             mlxtend: Not installed
2025-07-20 14:10:01,414:INFO:       statsforecast: Not installed
2025-07-20 14:10:01,414:INFO:        tune_sklearn: Not installed
2025-07-20 14:10:01,414:INFO:                 ray: Not installed
2025-07-20 14:10:01,414:INFO:            hyperopt: Not installed
2025-07-20 14:10:01,414:INFO:              optuna: Not installed
2025-07-20 14:10:01,414:INFO:               skopt: Not installed
2025-07-20 14:10:01,414:INFO:              mlflow: 3.1.1
2025-07-20 14:10:01,414:INFO:              gradio: Not installed
2025-07-20 14:10:01,414:INFO:             fastapi: 0.116.1
2025-07-20 14:10:01,414:INFO:             uvicorn: 0.35.0
2025-07-20 14:10:01,414:INFO:              m2cgen: Not installed
2025-07-20 14:10:01,414:INFO:           evidently: Not installed
2025-07-20 14:10:01,414:INFO:               fugue: Not installed
2025-07-20 14:10:01,414:INFO:           streamlit: Not installed
2025-07-20 14:10:01,414:INFO:             prophet: Not installed
2025-07-20 14:10:01,414:INFO:None
2025-07-20 14:10:01,414:INFO:Set up data.
2025-07-20 14:10:01,431:INFO:Set up folding strategy.
2025-07-20 14:10:01,431:INFO:Set up train/test split.
2025-07-20 14:10:01,451:INFO:Set up index.
2025-07-20 14:10:01,451:INFO:Assigning column types.
2025-07-20 14:10:01,458:INFO:Engine successfully changes for model 'lr' to 'sklearn'.
2025-07-20 14:10:01,505:INFO:Engine for model 'knn' has not been set explicitly, hence returning None.
2025-07-20 14:10:01,507:INFO:Engine for model 'rbfsvm' has not been set explicitly, hence returning None.
2025-07-20 14:10:01,539:WARNING:
'xgboost' is a soft dependency and not included in the pycaret installation. Please run: `pip install xgboost` to install.
Alternately, you can install this by running `pip install pycaret[models]`
2025-07-20 14:10:01,539:WARNING:
'catboost' is a soft dependency and not included in the pycaret installation. Please run: `pip install catboost` to install.
Alternately, you can install this by running `pip install pycaret[models]`
2025-07-20 14:10:01,589:INFO:Engine for model 'knn' has not been set explicitly, hence returning None.
2025-07-20 14:10:01,589:INFO:Engine for model 'rbfsvm' has not been set explicitly, hence returning None.
2025-07-20 14:10:01,629:WARNING:
'xgboost' is a soft dependency and not included in the pycaret installation. Please run: `pip install xgboost` to install.
Alternately, you can install this by running `pip install pycaret[models]`
2025-07-20 14:10:01,629:WARNING:
'catboost' is a soft dependency and not included in the pycaret installation. Please run: `pip install catboost` to install.
Alternately, you can install this by running `pip install pycaret[models]`
2025-07-20 14:10:01,629:INFO:Engine successfully changes for model 'knn' to 'sklearn'.
2025-07-20 14:10:01,666:INFO:Engine for model 'rbfsvm' has not been set explicitly, hence returning None.
2025-07-20 14:10:01,701:WARNING:
'xgboost' is a soft dependency and not included in the pycaret installation. Please run: `pip install xgboost` to install.
Alternately, you can install this by running `pip install pycaret[models]`
2025-07-20 14:10:01,701:WARNING:
'catboost' is a soft dependency and not included in the pycaret installation. Please run: `pip install catboost` to install.
Alternately, you can install this by running `pip install pycaret[models]`
2025-07-20 14:10:01,758:INFO:Engine for model 'rbfsvm' has not been set explicitly, hence returning None.
2025-07-20 14:10:01,781:WARNING:
'xgboost' is a soft dependency and not included in the pycaret installation. Please run: `pip install xgboost` to install.
Alternately, you can install this by running `pip install pycaret[models]`
2025-07-20 14:10:01,781:WARNING:
'catboost' is a soft dependency and not included in the pycaret installation. Please run: `pip install catboost` to install.
Alternately, you can install this by running `pip install pycaret[models]`
2025-07-20 14:10:01,781:INFO:Engine successfully changes for model 'rbfsvm' to 'sklearn'.
2025-07-20 14:10:01,875:WARNING:
'xgboost' is a soft dependency and not included in the pycaret installation. Please run: `pip install xgboost` to install.
Alternately, you can install this by running `pip install pycaret[models]`
2025-07-20 14:10:01,875:WARNING:
'catboost' is a soft dependency and not included in the pycaret installation. Please run: `pip install catboost` to install.
Alternately, you can install this by running `pip install pycaret[models]`
2025-07-20 14:10:01,952:WARNING:
'xgboost' is a soft dependency and not included in the pycaret installation. Please run: `pip install xgboost` to install.
Alternately, you can install this by running `pip install pycaret[models]`
2025-07-20 14:10:01,952:WARNING:
'catboost' is a soft dependency and not included in the pycaret installation. Please run: `pip install catboost` to install.
Alternately, you can install this by running `pip install pycaret[models]`
2025-07-20 14:10:01,952:INFO:Preparing preprocessing pipeline...
2025-07-20 14:10:01,962:INFO:Set up label encoding.
2025-07-20 14:10:01,962:INFO:Set up simple imputation.
2025-07-20 14:10:01,966:INFO:Set up encoding of categorical features.
2025-07-20 14:10:01,966:INFO:Set up removing multicollinearity.
2025-07-20 14:10:01,966:INFO:Set up feature normalization.
2025-07-20 14:10:01,966:INFO:Set up column name cleaning.
2025-07-20 14:10:02,083:INFO:Finished creating preprocessing pipeline.
2025-07-20 14:10:02,083:INFO:Pipeline: Pipeline(memory=FastMemory(location=C:\Users\CHANDAN\AppData\Local\Temp\joblib),
         steps=[('label_encoding',
                 TransformerWrapperWithInverse(exclude=None, include=None,
                                               transformer=LabelEncoder())),
                ('numerical_imputer',
                 TransformerWrapper(exclude=None,
                                    include=['Air temperature [K]',
                                             'Process temperature [K]',
                                             'Rotational speed [rpm]',
                                             'Torque [Nm]', 'Tool wear [min]',
                                             'T...
                 TransformerWrapper(exclude=[], include=None,
                                    transformer=RemoveMulticollinearity(threshold=0.95))),
                ('normalize',
                 TransformerWrapper(exclude=None, include=None,
                                    transformer=StandardScaler(copy=True,
                                                               with_mean=True,
                                                               with_std=True))),
                ('clean_column_names',
                 TransformerWrapper(exclude=None, include=None,
                                    transformer=CleanColumnNames(match='[\\]\\[\\,\\{\\}\\"\\:]+')))],
         verbose=False)
2025-07-20 14:10:02,083:INFO:Creating final display dataframe.
2025-07-20 14:10:02,432:INFO:Setup _display_container:                     Description  \
0                    Session id   
1                        Target   
2                   Target type   
3                Target mapping   
4           Original data shape   
5        Transformed data shape   
6   Transformed train set shape   
7    Transformed test set shape   
8              Numeric features   
9          Categorical features   
10                   Preprocess   
11              Imputation type   
12           Numeric imputation   
13       Categorical imputation   
14     Maximum one-hot encoding   
15              Encoding method   
16     Remove multicollinearity   
17  Multicollinearity threshold   
18                    Normalize   
19             Normalize method   
20               Fold Generator   
21                  Fold Number   
22                     CPU Jobs   
23                      Use GPU   
24               Log Experiment   
25              Experiment Name   
26                          USI   

                                                Value  
0                                                  42  
1                                        Failure Type  
2                                          Multiclass  
3   Heat Dissipation Failure: 0, No Failure: 1, Ov...  
4                                          (10000, 8)  
5                                         (10000, 10)  
6                                          (7000, 10)  
7                                          (3000, 10)  
8                                                   6  
9                                                   1  
10                                               True  
11                                             simple  
12                                               mean  
13                                               mode  
14                                                 25  
15                                               None  
16                                               True  
17                                               0.95  
18                                               True  
19                                             zscore  
20                                    StratifiedKFold  
21                                                 10  
22                                                 -1  
23                                              False  
24                                       MlflowLogger  
25                             predictive_maintenance  
26                                               1f67  
2025-07-20 14:10:02,536:WARNING:
'xgboost' is a soft dependency and not included in the pycaret installation. Please run: `pip install xgboost` to install.
Alternately, you can install this by running `pip install pycaret[models]`
2025-07-20 14:10:02,536:WARNING:
'catboost' is a soft dependency and not included in the pycaret installation. Please run: `pip install catboost` to install.
Alternately, you can install this by running `pip install pycaret[models]`
2025-07-20 14:10:02,615:WARNING:
'xgboost' is a soft dependency and not included in the pycaret installation. Please run: `pip install xgboost` to install.
Alternately, you can install this by running `pip install pycaret[models]`
2025-07-20 14:10:02,615:WARNING:
'catboost' is a soft dependency and not included in the pycaret installation. Please run: `pip install catboost` to install.
Alternately, you can install this by running `pip install pycaret[models]`
2025-07-20 14:10:02,615:INFO:Logging experiment in loggers
2025-07-20 14:16:54,921:WARNING:C:\Users\CHANDAN\AppData\Local\Temp\ipykernel_14680\1817312141.py:816: DeprecationWarning: pkg_resources is deprecated as an API. See https://setuptools.pypa.io/en/latest/pkg_resources.html
  import pkg_resources

